<?xml version="1.0" encoding="UTF-8"?>
<!-- Generated by org.testng.reporters.JUnitReportReporter -->
<testsuite hostname="LAPTOP-2OFJ9JBV" failures="0" tests="3" name="com.citibridge.VerifyRecommendationPageFunctinality" time="15.214" errors="0" timestamp="2021-08-24T11:17:14 IST" skipped="0">
  <testcase classname="com.citibridge.VerifyRecommendationPageFunctinality" name="verifySuccessfulLogin" time="9.602"/>
  <system-out>
    <![CDATA[Login with correct credentials navigate user to Dashboard]]>
  </system-out>
  <testcase classname="com.citibridge.VerifyRecommendationPageFunctinality" name="verifyRecommendationTitle" time="3.182"/>
  <system-out>
    <![CDATA[Recommendation Page gives title 'Nifty Recommendations']]>
  </system-out>
  <testcase classname="com.citibridge.VerifyRecommendationPageFunctinality" name="verifyAddSavedStocks" time="2.430"/>
  <system-out>
    <![CDATA[Saving a recommended stock shows success message]]>
  </system-out>
</testsuite> <!-- com.citibridge.VerifyRecommendationPageFunctinality -->
