<?xml version="1.0" encoding="UTF-8"?>
<!-- Generated by org.testng.reporters.JUnitReportReporter -->
<testsuite hostname="LAPTOP-2OFJ9JBV" failures="0" tests="6" name="com.citibridge.VerifyUsernamePassword" time="34.161" errors="0" timestamp="2021-08-24T09:57:02 IST" skipped="0">
  <testcase classname="com.citibridge.VerifyUsernamePassword" name="verifyLoginPageTitle" time="3.052"/>
  <system-out>
    <![CDATA[Login page header contains 'Login']]>
  </system-out>
  <testcase classname="com.citibridge.VerifyUsernamePassword" name="verifyIncorrectCredentials" time="6.574"/>
  <system-out>
    <![CDATA[Login with incorrect username and password throws error message & does not login.]]>
  </system-out>
  <testcase classname="com.citibridge.VerifyUsernamePassword" name="verifyEmptyCredentials" time="5.640"/>
  <system-out>
    <![CDATA[Login with invalid & empty crendentials throws error message asking user to provide username and password compulsorily.]]>
  </system-out>
  <testcase classname="com.citibridge.VerifyUsernamePassword" name="verifyServerDown" time="7.361"/>
  <system-out>
    <![CDATA[If server down, server down error message displayed & does not allow user to login]]>
  </system-out>
  <testcase classname="com.citibridge.VerifyUsernamePassword" name="verifySuccessfulLogin" time="9.359"/>
  <system-out>
    <![CDATA[Login with correct credentials navigate user to Dashboard]]>
  </system-out>
  <testcase classname="com.citibridge.VerifyUsernamePassword" name="logout" time="2.175"/>
  <system-out>
    <![CDATA[Logout navigates user to Login Page]]>
  </system-out>
</testsuite> <!-- com.citibridge.VerifyUsernamePassword -->
